[[[[[ ~/Development/gadget show/iot-control-centre ]]]]]

=> Started proxy.
=> Started MongoDB.
=> Meteor 1.8.1 is available. Update this project with 'meteor update'.
=> Started your app.

=> App running at: http://localhost:3000/
[34mI20190424-11:55:37.257(1)? [39mResetting device collection
[34mI20190424-11:55:37.259(1)? [39mResetting config collection
[34mI20190424-11:55:37.259(1)? [39mResetting note sequence collection
[34mI20190424-11:55:38.089(1)? [39mbeat at 1000
[34mI20190424-11:55:38.089(1)? [39mnoteSequencePointer: 0
[34mI20190424-11:55:38.093(1)? [39mobject
[34mI20190424-11:55:39.095(1)? [39mbeat at 1000
[34mI20190424-11:55:39.095(1)? [39mnoteSequencePointer: 1
[34mI20190424-11:55:39.099(1)? [39mobject
[34mI20190424-11:55:39.737(1)? [39mNew DDP Connection: 55FFpFp2ph38acBAg
[34mI20190424-11:55:40.103(1)? [39mbeat at 1000
[34mI20190424-11:55:40.103(1)? [39mnoteSequencePointer: 2
[34mI20190424-11:55:40.128(1)? [39mobject
[34mI20190424-11:55:41.134(1)? [39mbeat at 1000
[34mI20190424-11:55:41.134(1)? [39mnoteSequencePointer: 3
[34mI20190424-11:55:41.138(1)? [39mobject
[34mI20190424-11:55:42.142(1)? [39mbeat at 1000
[34mI20190424-11:55:42.143(1)? [39mnoteSequencePointer: 4
[34mI20190424-11:55:42.147(1)? [39mobject
[34mI20190424-11:55:43.151(1)? [39mbeat at 1000
[34mI20190424-11:55:43.151(1)? [39mnoteSequencePointer: 5
[34mI20190424-11:55:43.155(1)? [39mobject
[34mI20190424-11:55:44.158(1)? [39mbeat at 1000
[34mI20190424-11:55:44.158(1)? [39mnoteSequencePointer: 6
[34mI20190424-11:55:44.161(1)? [39mobject
[34mI20190424-11:55:45.162(1)? [39mbeat at 1000
[34mI20190424-11:55:45.163(1)? [39mnoteSequencePointer: 7
[34mI20190424-11:55:45.166(1)? [39mobject
[[[[[ ~/Development/gadget show/iot-control-centre ]]]]]

=> Started proxy.
=> Started MongoDB.
=> Meteor 1.8.1 is available. Update this project with 'meteor update'.
=> Started your app.

=> App running at: http://localhost:3000/
[34mI20190424-12:00:00.337(1)? [39mResetting device collection
[34mI20190424-12:00:00.338(1)? [39mResetting config collection
[34mI20190424-12:00:00.338(1)? [39mResetting note sequence collection
[34mI20190424-12:00:01.245(1)? [39mNew DDP Connection: bW8dT9gqeNMpz7ZBB
[34mI20190424-12:00:01.264(1)? [39mbeat at 1000
[34mI20190424-12:00:01.265(1)? [39mnoteSequencePointer: 0
[34mI20190424-12:00:01.275(1)? [39mobject
[34mI20190424-12:00:02.278(1)? [39mbeat at 1000
[34mI20190424-12:00:02.279(1)? [39mnoteSequencePointer: 1
[34mI20190424-12:00:02.283(1)? [39mobject
[34mI20190424-12:00:03.284(1)? [39mbeat at 1000
[34mI20190424-12:00:03.284(1)? [39mnoteSequencePointer: 2
[34mI20190424-12:00:03.303(1)? [39mobject
[34mI20190424-12:00:04.307(1)? [39mbeat at 1000
[34mI20190424-12:00:04.307(1)? [39mnoteSequencePointer: 3
[34mI20190424-12:00:04.312(1)? [39mobject
[34mI20190424-12:00:05.315(1)? [39mbeat at 1000
[34mI20190424-12:00:05.316(1)? [39mnoteSequencePointer: 4
[34mI20190424-12:00:05.320(1)? [39mobject
[34mI20190424-12:00:06.326(1)? [39mbeat at 1000
[34mI20190424-12:00:06.326(1)? [39mnoteSequencePointer: 5
[34mI20190424-12:00:06.330(1)? [39mobject
[34mI20190424-12:00:07.335(1)? [39mbeat at 1000
[34mI20190424-12:00:07.336(1)? [39mnoteSequencePointer: 6
[34mI20190424-12:00:07.338(1)? [39mobject
[34mI20190424-12:00:08.338(1)? [39mbeat at 1000
[34mI20190424-12:00:08.338(1)? [39mnoteSequencePointer: 7
[34mI20190424-12:00:08.341(1)? [39mobject
[34mI20190424-12:00:09.345(1)? [39mbeat at 1000
[34mI20190424-12:00:09.345(1)? [39mnoteSequencePointer: 8
[34mI20190424-12:00:09.348(1)? [39mobject
[34mI20190424-12:00:10.342(1)? [39mDDP Disconnect: bW8dT9gqeNMpz7ZBB
[34mI20190424-12:00:10.356(1)? [39mbeat at 1000
[34mI20190424-12:00:10.356(1)? [39mnoteSequencePointer: 1
[34mI20190424-12:00:10.372(1)? [39mobject
[34mI20190424-12:00:10.611(1)? [39mNew DDP Connection: YrPez4JEpKgTtLYur
[34mI20190424-12:00:11.376(1)? [39mbeat at 1000
[34mI20190424-12:00:11.377(1)? [39mnoteSequencePointer: 2
[34mI20190424-12:00:11.380(1)? [39mobject
[34mI20190424-12:00:12.384(1)? [39mbeat at 1000
[34mI20190424-12:00:12.384(1)? [39mnoteSequencePointer: 3
[34mI20190424-12:00:12.400(1)? [39mobject
[34mI20190424-12:00:13.404(1)? [39mbeat at 1000
[34mI20190424-12:00:13.404(1)? [39mnoteSequencePointer: 4
[34mI20190424-12:00:13.408(1)? [39mobject
[34mI20190424-12:00:14.408(1)? [39mbeat at 1000
[34mI20190424-12:00:14.409(1)? [39mnoteSequencePointer: 5
[34mI20190424-12:00:14.411(1)? [39mobject
[34mI20190424-12:00:15.416(1)? [39mbeat at 1000
[34mI20190424-12:00:15.417(1)? [39mnoteSequencePointer: 6
[34mI20190424-12:00:15.418(1)? [39mobject
[34mI20190424-12:00:16.420(1)? [39mbeat at 1000
[34mI20190424-12:00:16.420(1)? [39mnoteSequencePointer: 7
[34mI20190424-12:00:16.424(1)? [39mobject
[34mI20190424-12:00:17.425(1)? [39mbeat at 1000
[34mI20190424-12:00:17.425(1)? [39mnoteSequencePointer: 8
[34mI20190424-12:00:17.427(1)? [39mobject
[34mI20190424-12:00:18.431(1)? [39mbeat at 1000
[34mI20190424-12:00:18.431(1)? [39mnoteSequencePointer: 1
[34mI20190424-12:00:18.436(1)? [39mobject
[34mI20190424-12:00:19.438(1)? [39mbeat at 1000
[34mI20190424-12:00:19.438(1)? [39mnoteSequencePointer: 2
[34mI20190424-12:00:19.446(1)? [39mobject
[34mI20190424-12:00:20.450(1)? [39mbeat at 1000
[34mI20190424-12:00:20.450(1)? [39mnoteSequencePointer: 3
[34mI20190424-12:00:20.454(1)? [39mobject
[34mI20190424-12:00:21.457(1)? [39mbeat at 1000
[34mI20190424-12:00:21.458(1)? [39mnoteSequencePointer: 4
[34mI20190424-12:00:21.461(1)? [39mobject
[34mI20190424-12:00:22.464(1)? [39mbeat at 1000
[34mI20190424-12:00:22.464(1)? [39mnoteSequencePointer: 5
[34mI20190424-12:00:22.466(1)? [39mobject
[34mI20190424-12:00:23.470(1)? [39mbeat at 1000
[34mI20190424-12:00:23.470(1)? [39mnoteSequencePointer: 6
[34mI20190424-12:00:23.474(1)? [39mobject
[34mI20190424-12:00:24.478(1)? [39mbeat at 1000
[34mI20190424-12:00:24.478(1)? [39mnoteSequencePointer: 7
[34mI20190424-12:00:24.481(1)? [39mobject
[34mI20190424-12:00:25.482(1)? [39mbeat at 1000
[34mI20190424-12:00:25.482(1)? [39mnoteSequencePointer: 8
[34mI20190424-12:00:25.486(1)? [39mobject
[34mI20190424-12:00:26.489(1)? [39mbeat at 1000
[34mI20190424-12:00:26.489(1)? [39mnoteSequencePointer: 1
[34mI20190424-12:00:26.492(1)? [39mobject
[34mI20190424-12:00:27.495(1)? [39mbeat at 1000
[34mI20190424-12:00:27.495(1)? [39mnoteSequencePointer: 2
[34mI20190424-12:00:27.499(1)? [39mobject
[34mI20190424-12:00:28.501(1)? [39mbeat at 1000
[34mI20190424-12:00:28.501(1)? [39mnoteSequencePointer: 3
[34mI20190424-12:00:28.504(1)? [39mobject
[34mI20190424-12:00:29.505(1)? [39mbeat at 1000
[34mI20190424-12:00:29.505(1)? [39mnoteSequencePointer: 4
[34mI20190424-12:00:29.509(1)? [39mobject
[[[[[ ~/Development/gadget show/iot-control-centre ]]]]]

=> Started proxy.
=> Started MongoDB.
=> Meteor 1.8.1 is available. Update this project with 'meteor update'.
=> Started your app.

=> App running at: http://localhost:3000/
[34mI20190424-12:00:58.963(1)? [39mResetting device collection
[34mI20190424-12:00:58.964(1)? [39mResetting config collection
[34mI20190424-12:00:58.964(1)? [39mResetting note sequence collection
[34mI20190424-12:00:59.680(1)? [39mNew DDP Connection: HYhmHqmto6WJbHZSQ
[34mI20190424-12:00:59.906(1)? [39mbeat at 1000
[34mI20190424-12:00:59.906(1)? [39mnoteSequencePointer: 0
[34mI20190424-12:00:59.912(1)? [39mobject
[34mI20190424-12:01:00.916(1)? [39mbeat at 1000
[34mI20190424-12:01:00.916(1)? [39mnoteSequencePointer: 1
[34mI20190424-12:01:00.918(1)? [39mobject
[34mI20190424-12:01:01.922(1)? [39mbeat at 1000
[34mI20190424-12:01:01.924(1)? [39mnoteSequencePointer: 2
[34mI20190424-12:01:01.941(1)? [39mobject
[34mI20190424-12:01:02.947(1)? [39mbeat at 1000
[34mI20190424-12:01:02.948(1)? [39mnoteSequencePointer: 3
[34mI20190424-12:01:02.951(1)? [39mobject
[34mI20190424-12:01:03.955(1)? [39mbeat at 1000
[34mI20190424-12:01:03.955(1)? [39mnoteSequencePointer: 4
[34mI20190424-12:01:03.959(1)? [39mobject
[34mI20190424-12:01:04.959(1)? [39mbeat at 1000
[34mI20190424-12:01:04.959(1)? [39mnoteSequencePointer: 5
[34mI20190424-12:01:04.964(1)? [39mobject
[34mI20190424-12:01:05.966(1)? [39mbeat at 1000
[34mI20190424-12:01:05.967(1)? [39mnoteSequencePointer: 6
[34mI20190424-12:01:05.969(1)? [39mobject
[34mI20190424-12:01:06.974(1)? [39mbeat at 1000
[34mI20190424-12:01:06.974(1)? [39mnoteSequencePointer: 7
[34mI20190424-12:01:06.977(1)? [39mobject
[34mI20190424-12:01:07.982(1)? [39mbeat at 1000
[34mI20190424-12:01:07.982(1)? [39mnoteSequencePointer: 8
[34mI20190424-12:01:07.986(1)? [39mobject
[34mI20190424-12:01:08.991(1)? [39mbeat at 1000
[34mI20190424-12:01:08.991(1)? [39mnoteSequencePointer: 1
[34mI20190424-12:01:08.994(1)? [39mobject
[34mI20190424-12:01:09.995(1)? [39mbeat at 1000
[34mI20190424-12:01:09.995(1)? [39mnoteSequencePointer: 2
[34mI20190424-12:01:09.998(1)? [39mobject
[34mI20190424-12:01:11.003(1)? [39mbeat at 1000
[34mI20190424-12:01:11.004(1)? [39mnoteSequencePointer: 3
[34mI20190424-12:01:11.006(1)? [39mobject
[34mI20190424-12:01:12.013(1)? [39mbeat at 1000
[34mI20190424-12:01:12.013(1)? [39mnoteSequencePointer: 4
[34mI20190424-12:01:12.016(1)? [39mobject
[34mI20190424-12:01:13.022(1)? [39mbeat at 1000
[34mI20190424-12:01:13.023(1)? [39mnoteSequencePointer: 5
[34mI20190424-12:01:13.026(1)? [39mobject
[34mI20190424-12:01:14.029(1)? [39mbeat at 1000
[34mI20190424-12:01:14.029(1)? [39mnoteSequencePointer: 6
[34mI20190424-12:01:14.036(1)? [39mobject
[34mI20190424-12:01:15.034(1)? [39mbeat at 1000
[34mI20190424-12:01:15.034(1)? [39mnoteSequencePointer: 7
[34mI20190424-12:01:15.036(1)? [39mobject
[34mI20190424-12:01:16.038(1)? [39mbeat at 1000
[34mI20190424-12:01:16.038(1)? [39mnoteSequencePointer: 8
[34mI20190424-12:01:16.042(1)? [39mobject
[34mI20190424-12:01:17.047(1)? [39mbeat at 1000
[34mI20190424-12:01:17.047(1)? [39mnoteSequencePointer: 1
[34mI20190424-12:01:17.051(1)? [39mobject
[34mI20190424-12:01:18.052(1)? [39mbeat at 1000
[34mI20190424-12:01:18.052(1)? [39mnoteSequencePointer: 2
[34mI20190424-12:01:18.056(1)? [39mobject
[34mI20190424-12:01:19.061(1)? [39mbeat at 1000
[34mI20190424-12:01:19.061(1)? [39mnoteSequencePointer: 3
[34mI20190424-12:01:19.075(1)? [39mobject
[34mI20190424-12:01:20.078(1)? [39mbeat at 1000
[34mI20190424-12:01:20.078(1)? [39mnoteSequencePointer: 4
[34mI20190424-12:01:20.081(1)? [39mobject
[34mI20190424-12:01:21.082(1)? [39mbeat at 1000
[34mI20190424-12:01:21.083(1)? [39mnoteSequencePointer: 5
[34mI20190424-12:01:21.085(1)? [39mobject
[34mI20190424-12:01:22.090(1)? [39mbeat at 1000
[34mI20190424-12:01:22.090(1)? [39mnoteSequencePointer: 6
[34mI20190424-12:01:22.094(1)? [39mobject
[34mI20190424-12:01:23.098(1)? [39mbeat at 1000
[34mI20190424-12:01:23.098(1)? [39mnoteSequencePointer: 7
[34mI20190424-12:01:23.108(1)? [39mobject
[34mI20190424-12:01:24.112(1)? [39mbeat at 1000
[34mI20190424-12:01:24.113(1)? [39mnoteSequencePointer: 8
[34mI20190424-12:01:24.116(1)? [39mobject
[34mI20190424-12:01:25.116(1)? [39mbeat at 1000
[34mI20190424-12:01:25.116(1)? [39mnoteSequencePointer: 1
[34mI20190424-12:01:25.120(1)? [39mobject
[34mI20190424-12:01:26.121(1)? [39mbeat at 1000
[34mI20190424-12:01:26.121(1)? [39mnoteSequencePointer: 2
[34mI20190424-12:01:26.124(1)? [39mobject
[34mI20190424-12:01:27.128(1)? [39mbeat at 1000
[34mI20190424-12:01:27.128(1)? [39mnoteSequencePointer: 3
[34mI20190424-12:01:27.130(1)? [39mobject
[34mI20190424-12:01:28.132(1)? [39mbeat at 1000
[34mI20190424-12:01:28.132(1)? [39mnoteSequencePointer: 4
[34mI20190424-12:01:28.136(1)? [39mobject
[34mI20190424-12:01:29.140(1)? [39mbeat at 1000
[34mI20190424-12:01:29.140(1)? [39mnoteSequencePointer: 5
[34mI20190424-12:01:29.143(1)? [39mobject
[34mI20190424-12:01:30.148(1)? [39mbeat at 1000
[34mI20190424-12:01:30.148(1)? [39mnoteSequencePointer: 6
[34mI20190424-12:01:30.151(1)? [39mobject
[34mI20190424-12:01:31.154(1)? [39mbeat at 1000
[34mI20190424-12:01:31.154(1)? [39mnoteSequencePointer: 7
[34mI20190424-12:01:31.158(1)? [39mobject
[34mI20190424-12:01:32.160(1)? [39mbeat at 1000
[34mI20190424-12:01:32.161(1)? [39mnoteSequencePointer: 8
[34mI20190424-12:01:32.165(1)? [39mobject
[34mI20190424-12:01:33.168(1)? [39mbeat at 1000
[34mI20190424-12:01:33.168(1)? [39mnoteSequencePointer: 1
[34mI20190424-12:01:33.171(1)? [39mobject
[34mI20190424-12:01:34.173(1)? [39mbeat at 1000
[34mI20190424-12:01:34.173(1)? [39mnoteSequencePointer: 2
[34mI20190424-12:01:34.176(1)? [39mobject
[34mI20190424-12:01:35.181(1)? [39mbeat at 1000
[34mI20190424-12:01:35.182(1)? [39mnoteSequencePointer: 3
[34mI20190424-12:01:35.184(1)? [39mobject
[34mI20190424-12:01:36.190(1)? [39mbeat at 1000
[34mI20190424-12:01:36.190(1)? [39mnoteSequencePointer: 4
[34mI20190424-12:01:36.193(1)? [39mobject
[34mI20190424-12:01:37.198(1)? [39mbeat at 1000
[34mI20190424-12:01:37.198(1)? [39mnoteSequencePointer: 5
[34mI20190424-12:01:37.200(1)? [39mobject
[34mI20190424-12:01:38.203(1)? [39mbeat at 1000
[34mI20190424-12:01:38.203(1)? [39mnoteSequencePointer: 6
[34mI20190424-12:01:38.207(1)? [39mobject
[34mI20190424-12:01:39.209(1)? [39mbeat at 1000
[34mI20190424-12:01:39.209(1)? [39mnoteSequencePointer: 7
[34mI20190424-12:01:39.216(1)? [39mobject
[34mI20190424-12:01:40.221(1)? [39mbeat at 1000
[34mI20190424-12:01:40.221(1)? [39mnoteSequencePointer: 8
[34mI20190424-12:01:40.224(1)? [39mobject
[34mI20190424-12:01:41.228(1)? [39mbeat at 1000
[34mI20190424-12:01:41.229(1)? [39mnoteSequencePointer: 1
[34mI20190424-12:01:41.231(1)? [39mobject
[34mI20190424-12:01:42.237(1)? [39mbeat at 1000
[34mI20190424-12:01:42.237(1)? [39mnoteSequencePointer: 2
[34mI20190424-12:01:42.240(1)? [39mobject
[34mI20190424-12:01:43.245(1)? [39mbeat at 1000
[34mI20190424-12:01:43.245(1)? [39mnoteSequencePointer: 3
[34mI20190424-12:01:43.248(1)? [39mobject
[34mI20190424-12:01:44.249(1)? [39mbeat at 1000
[34mI20190424-12:01:44.250(1)? [39mnoteSequencePointer: 4
[34mI20190424-12:01:44.253(1)? [39mobject
[34mI20190424-12:01:45.254(1)? [39mbeat at 1000
[34mI20190424-12:01:45.255(1)? [39mnoteSequencePointer: 5
[34mI20190424-12:01:45.258(1)? [39mobject
[34mI20190424-12:01:46.262(1)? [39mbeat at 1000
[34mI20190424-12:01:46.263(1)? [39mnoteSequencePointer: 6
[34mI20190424-12:01:46.266(1)? [39mobject
[34mI20190424-12:01:47.268(1)? [39mbeat at 1000
[34mI20190424-12:01:47.268(1)? [39mnoteSequencePointer: 7
[34mI20190424-12:01:47.271(1)? [39mobject
[34mI20190424-12:01:48.273(1)? [39mbeat at 1000
[34mI20190424-12:01:48.273(1)? [39mnoteSequencePointer: 8
[34mI20190424-12:01:48.276(1)? [39mobject
[34mI20190424-12:01:49.279(1)? [39mbeat at 1000
[34mI20190424-12:01:49.279(1)? [39mnoteSequencePointer: 1
[34mI20190424-12:01:49.283(1)? [39mobject
[34mI20190424-12:01:50.284(1)? [39mbeat at 1000
[34mI20190424-12:01:50.285(1)? [39mnoteSequencePointer: 2
[34mI20190424-12:01:50.287(1)? [39mobject
[34mI20190424-12:01:51.291(1)? [39mbeat at 1000
[34mI20190424-12:01:51.292(1)? [39mnoteSequencePointer: 3
[34mI20190424-12:01:51.295(1)? [39mobject
[34mI20190424-12:01:52.299(1)? [39mbeat at 1000
[34mI20190424-12:01:52.300(1)? [39mnoteSequencePointer: 4
[34mI20190424-12:01:52.308(1)? [39mobject
[34mI20190424-12:01:53.312(1)? [39mbeat at 1000
[34mI20190424-12:01:53.312(1)? [39mnoteSequencePointer: 5
[34mI20190424-12:01:53.317(1)? [39mobject
[34mI20190424-12:01:54.322(1)? [39mbeat at 1000
[34mI20190424-12:01:54.322(1)? [39mnoteSequencePointer: 6
[34mI20190424-12:01:54.338(1)? [39mobject
[34mI20190424-12:01:55.341(1)? [39mbeat at 1000
[34mI20190424-12:01:55.342(1)? [39mnoteSequencePointer: 7
[34mI20190424-12:01:55.345(1)? [39mobject
[34mI20190424-12:01:56.348(1)? [39mbeat at 1000
[34mI20190424-12:01:56.348(1)? [39mnoteSequencePointer: 8
[34mI20190424-12:01:56.353(1)? [39mobject
[34mI20190424-12:01:57.356(1)? [39mbeat at 1000
[34mI20190424-12:01:57.356(1)? [39mnoteSequencePointer: 1
[34mI20190424-12:01:57.360(1)? [39mobject
[34mI20190424-12:01:58.362(1)? [39mbeat at 1000
[34mI20190424-12:01:58.362(1)? [39mnoteSequencePointer: 2
[34mI20190424-12:01:58.366(1)? [39mobject
[34mI20190424-12:01:59.369(1)? [39mbeat at 1000
[34mI20190424-12:01:59.370(1)? [39mnoteSequencePointer: 3
[34mI20190424-12:01:59.373(1)? [39mobject
[34mI20190424-12:02:00.374(1)? [39mbeat at 1000
[34mI20190424-12:02:00.375(1)? [39mnoteSequencePointer: 4
[34mI20190424-12:02:00.380(1)? [39mobject
[34mI20190424-12:02:01.384(1)? [39mbeat at 1000
[34mI20190424-12:02:01.385(1)? [39mnoteSequencePointer: 5
[34mI20190424-12:02:01.388(1)? [39mobject
[34mI20190424-12:02:02.393(1)? [39mbeat at 1000
[34mI20190424-12:02:02.393(1)? [39mnoteSequencePointer: 6
[34mI20190424-12:02:02.396(1)? [39mobject
[34mI20190424-12:02:03.401(1)? [39mbeat at 1000
[34mI20190424-12:02:03.401(1)? [39mnoteSequencePointer: 7
[34mI20190424-12:02:03.404(1)? [39mobject
[34mI20190424-12:02:04.407(1)? [39mbeat at 1000
[34mI20190424-12:02:04.407(1)? [39mnoteSequencePointer: 8
[34mI20190424-12:02:04.411(1)? [39mobject
[34mI20190424-12:02:05.413(1)? [39mbeat at 1000
[34mI20190424-12:02:05.413(1)? [39mnoteSequencePointer: 1
[34mI20190424-12:02:05.418(1)? [39mobject
[34mI20190424-12:02:06.423(1)? [39mbeat at 1000
[34mI20190424-12:02:06.423(1)? [39mnoteSequencePointer: 2
[34mI20190424-12:02:06.426(1)? [39mobject
[34mI20190424-12:02:07.430(1)? [39mbeat at 1000
[34mI20190424-12:02:07.430(1)? [39mnoteSequencePointer: 3
[34mI20190424-12:02:07.435(1)? [39mobject
[34mI20190424-12:02:08.439(1)? [39mbeat at 1000
[34mI20190424-12:02:08.439(1)? [39mnoteSequencePointer: 4
[34mI20190424-12:02:08.442(1)? [39mobject
[34mI20190424-12:02:09.446(1)? [39mbeat at 1000
[34mI20190424-12:02:09.446(1)? [39mnoteSequencePointer: 5
[34mI20190424-12:02:09.455(1)? [39mobject
[34mI20190424-12:02:10.460(1)? [39mbeat at 1000
[34mI20190424-12:02:10.460(1)? [39mnoteSequencePointer: 6
[34mI20190424-12:02:10.464(1)? [39mobject
[34mI20190424-12:02:11.464(1)? [39mbeat at 1000
[34mI20190424-12:02:11.464(1)? [39mnoteSequencePointer: 7
[34mI20190424-12:02:11.482(1)? [39mobject
[34mI20190424-12:02:12.483(1)? [39mbeat at 1000
[34mI20190424-12:02:12.484(1)? [39mnoteSequencePointer: 8
[34mI20190424-12:02:12.487(1)? [39mobject
[34mI20190424-12:02:13.491(1)? [39mbeat at 1000
[34mI20190424-12:02:13.491(1)? [39mnoteSequencePointer: 1
[34mI20190424-12:02:13.497(1)? [39mobject
[34mI20190424-12:02:14.500(1)? [39mbeat at 1000
[34mI20190424-12:02:14.500(1)? [39mnoteSequencePointer: 2
[34mI20190424-12:02:14.503(1)? [39mobject
[34mI20190424-12:02:15.507(1)? [39mbeat at 1000
[34mI20190424-12:02:15.507(1)? [39mnoteSequencePointer: 3
[34mI20190424-12:02:15.510(1)? [39mobject
[34mI20190424-12:02:16.514(1)? [39mbeat at 1000
[34mI20190424-12:02:16.514(1)? [39mnoteSequencePointer: 4
[34mI20190424-12:02:16.519(1)? [39mobject
[34mI20190424-12:02:17.524(1)? [39mbeat at 1000
[34mI20190424-12:02:17.524(1)? [39mnoteSequencePointer: 5
[34mI20190424-12:02:17.531(1)? [39mobject
[34mI20190424-12:02:18.534(1)? [39mbeat at 1000
[34mI20190424-12:02:18.534(1)? [39mnoteSequencePointer: 6
[34mI20190424-12:02:18.538(1)? [39mobject
[34mI20190424-12:02:19.539(1)? [39mbeat at 1000
[34mI20190424-12:02:19.539(1)? [39mnoteSequencePointer: 7
[34mI20190424-12:02:19.542(1)? [39mobject
[34mI20190424-12:02:20.542(1)? [39mbeat at 1000
[34mI20190424-12:02:20.542(1)? [39mnoteSequencePointer: 8
[34mI20190424-12:02:20.546(1)? [39mobject
[34mI20190424-12:02:21.547(1)? [39mbeat at 1000
[34mI20190424-12:02:21.547(1)? [39mnoteSequencePointer: 1
[34mI20190424-12:02:21.550(1)? [39mobject
[34mI20190424-12:02:22.550(1)? [39mbeat at 1000
[34mI20190424-12:02:22.551(1)? [39mnoteSequencePointer: 2
[34mI20190424-12:02:22.554(1)? [39mobject
[34mI20190424-12:02:23.556(1)? [39mbeat at 1000
[34mI20190424-12:02:23.556(1)? [39mnoteSequencePointer: 3
[34mI20190424-12:02:23.559(1)? [39mobject
[34mI20190424-12:02:24.564(1)? [39mbeat at 1000
[34mI20190424-12:02:24.564(1)? [39mnoteSequencePointer: 4
[34mI20190424-12:02:24.568(1)? [39mobject
[34mI20190424-12:02:25.569(1)? [39mbeat at 1000
[34mI20190424-12:02:25.569(1)? [39mnoteSequencePointer: 5
[34mI20190424-12:02:25.572(1)? [39mobject
[34mI20190424-12:02:26.574(1)? [39mbeat at 1000
[34mI20190424-12:02:26.574(1)? [39mnoteSequencePointer: 6
[34mI20190424-12:02:26.583(1)? [39mobject
[34mI20190424-12:02:27.584(1)? [39mbeat at 1000
[34mI20190424-12:02:27.584(1)? [39mnoteSequencePointer: 7
[34mI20190424-12:02:27.589(1)? [39mobject
[34mI20190424-12:02:28.594(1)? [39mbeat at 1000
[34mI20190424-12:02:28.594(1)? [39mnoteSequencePointer: 8
[34mI20190424-12:02:28.597(1)? [39mobject
[34mI20190424-12:02:29.598(1)? [39mbeat at 1000
[34mI20190424-12:02:29.598(1)? [39mnoteSequencePointer: 1
[34mI20190424-12:02:29.601(1)? [39mobject
[34mI20190424-12:02:30.603(1)? [39mbeat at 1000
[34mI20190424-12:02:30.603(1)? [39mnoteSequencePointer: 2
[34mI20190424-12:02:30.735(1)? [39mobject
[34mI20190424-12:02:31.735(1)? [39mbeat at 1000
[34mI20190424-12:02:31.736(1)? [39mnoteSequencePointer: 3
[34mI20190424-12:02:31.739(1)? [39mobject
[34mI20190424-12:02:32.741(1)? [39mbeat at 1000
[34mI20190424-12:02:32.741(1)? [39mnoteSequencePointer: 4
[34mI20190424-12:02:32.744(1)? [39mobject
[34mI20190424-12:02:33.749(1)? [39mbeat at 1000
[34mI20190424-12:02:33.749(1)? [39mnoteSequencePointer: 5
[34mI20190424-12:02:33.753(1)? [39mobject
[34mI20190424-12:02:34.753(1)? [39mbeat at 1000
[34mI20190424-12:02:34.754(1)? [39mnoteSequencePointer: 6
[34mI20190424-12:02:34.764(1)? [39mobject
[34mI20190424-12:02:35.767(1)? [39mbeat at 1000
[34mI20190424-12:02:35.767(1)? [39mnoteSequencePointer: 7
[34mI20190424-12:02:35.770(1)? [39mobject
[34mI20190424-12:02:36.770(1)? [39mbeat at 1000
[34mI20190424-12:02:36.770(1)? [39mnoteSequencePointer: 8
[34mI20190424-12:02:36.773(1)? [39mobject
[34mI20190424-12:02:37.778(1)? [39mbeat at 1000
[34mI20190424-12:02:37.778(1)? [39mnoteSequencePointer: 1
[34mI20190424-12:02:37.782(1)? [39mobject
[34mI20190424-12:02:38.787(1)? [39mbeat at 1000
[34mI20190424-12:02:38.788(1)? [39mnoteSequencePointer: 2
[34mI20190424-12:02:38.793(1)? [39mobject
[34mI20190424-12:02:39.798(1)? [39mbeat at 1000
[34mI20190424-12:02:39.798(1)? [39mnoteSequencePointer: 3
[34mI20190424-12:02:39.802(1)? [39mobject
[34mI20190424-12:02:40.805(1)? [39mbeat at 1000
[34mI20190424-12:02:40.805(1)? [39mnoteSequencePointer: 4
[34mI20190424-12:02:40.810(1)? [39mobject
[34mI20190424-12:02:41.815(1)? [39mnoteSequencePointer: 5
[34mI20190424-12:02:41.815(1)? [39mbeat at 1000
[34mI20190424-12:02:41.820(1)? [39mobject
[34mI20190424-12:02:42.822(1)? [39mbeat at 1000
[34mI20190424-12:02:42.823(1)? [39mnoteSequencePointer: 6
[34mI20190424-12:02:42.827(1)? [39mobject
[34mI20190424-12:02:43.832(1)? [39mbeat at 1000
[34mI20190424-12:02:43.832(1)? [39mnoteSequencePointer: 7
[34mI20190424-12:02:43.836(1)? [39mobject
[34mI20190424-12:02:44.841(1)? [39mbeat at 1000
[34mI20190424-12:02:44.841(1)? [39mnoteSequencePointer: 8
[34mI20190424-12:02:44.844(1)? [39mobject
[34mI20190424-12:02:45.847(1)? [39mbeat at 1000
[34mI20190424-12:02:45.847(1)? [39mnoteSequencePointer: 1
[34mI20190424-12:02:45.850(1)? [39mobject
[34mI20190424-12:02:46.854(1)? [39mbeat at 1000
[34mI20190424-12:02:46.854(1)? [39mnoteSequencePointer: 2
[34mI20190424-12:02:46.858(1)? [39mobject
[34mI20190424-12:02:47.864(1)? [39mbeat at 1000
[34mI20190424-12:02:47.864(1)? [39mnoteSequencePointer: 3
[34mI20190424-12:02:47.867(1)? [39mobject
[34mI20190424-12:02:48.869(1)? [39mbeat at 1000
[34mI20190424-12:02:48.870(1)? [39mnoteSequencePointer: 4
[34mI20190424-12:02:48.874(1)? [39mobject
[34mI20190424-12:02:49.876(1)? [39mbeat at 1000
[34mI20190424-12:02:49.877(1)? [39mnoteSequencePointer: 5
[34mI20190424-12:02:49.880(1)? [39mobject
[34mI20190424-12:02:50.885(1)? [39mbeat at 1000
[34mI20190424-12:02:50.886(1)? [39mnoteSequencePointer: 6
[34mI20190424-12:02:50.889(1)? [39mobject
[34mI20190424-12:02:51.889(1)? [39mbeat at 1000
[34mI20190424-12:02:51.889(1)? [39mnoteSequencePointer: 7
[34mI20190424-12:02:51.894(1)? [39mobject
[34mI20190424-12:02:52.897(1)? [39mbeat at 1000
[34mI20190424-12:02:52.897(1)? [39mnoteSequencePointer: 8
[34mI20190424-12:02:52.902(1)? [39mobject
[34mI20190424-12:02:53.904(1)? [39mbeat at 1000
[34mI20190424-12:02:53.905(1)? [39mnoteSequencePointer: 1
[34mI20190424-12:02:53.909(1)? [39mobject
[34mI20190424-12:02:54.914(1)? [39mbeat at 1000
[34mI20190424-12:02:54.914(1)? [39mnoteSequencePointer: 2
[34mI20190424-12:02:54.918(1)? [39mobject
[34mI20190424-12:02:55.921(1)? [39mbeat at 1000
[34mI20190424-12:02:55.921(1)? [39mnoteSequencePointer: 3
[34mI20190424-12:02:55.926(1)? [39mobject
[34mI20190424-12:02:56.927(1)? [39mbeat at 1000
[34mI20190424-12:02:56.927(1)? [39mnoteSequencePointer: 4
[34mI20190424-12:02:56.931(1)? [39mobject
[34mI20190424-12:02:57.933(1)? [39mbeat at 1000
[34mI20190424-12:02:57.933(1)? [39mnoteSequencePointer: 5
[34mI20190424-12:02:57.937(1)? [39mobject
[34mI20190424-12:02:58.942(1)? [39mbeat at 1000
[34mI20190424-12:02:58.942(1)? [39mnoteSequencePointer: 6
[34mI20190424-12:02:58.948(1)? [39mobject
[34mI20190424-12:02:59.953(1)? [39mbeat at 1000
[34mI20190424-12:02:59.953(1)? [39mnoteSequencePointer: 7
[34mI20190424-12:02:59.957(1)? [39mobject
[34mI20190424-12:03:00.961(1)? [39mbeat at 1000
[34mI20190424-12:03:00.961(1)? [39mnoteSequencePointer: 8
[34mI20190424-12:03:00.966(1)? [39mobject
[34mI20190424-12:03:01.966(1)? [39mbeat at 1000
[34mI20190424-12:03:01.966(1)? [39mnoteSequencePointer: 1
[34mI20190424-12:03:01.972(1)? [39mobject
[34mI20190424-12:03:02.972(1)? [39mbeat at 1000
[34mI20190424-12:03:02.973(1)? [39mnoteSequencePointer: 2
[34mI20190424-12:03:02.978(1)? [39mobject
[34mI20190424-12:03:03.981(1)? [39mbeat at 1000
[34mI20190424-12:03:03.982(1)? [39mnoteSequencePointer: 3
[34mI20190424-12:03:03.986(1)? [39mobject
[34mI20190424-12:03:04.988(1)? [39mbeat at 1000
[34mI20190424-12:03:04.989(1)? [39mnoteSequencePointer: 4
[34mI20190424-12:03:04.994(1)? [39mobject
[34mI20190424-12:03:05.999(1)? [39mbeat at 1000
[34mI20190424-12:03:05.999(1)? [39mnoteSequencePointer: 5
[34mI20190424-12:03:06.003(1)? [39mobject
[34mI20190424-12:03:07.008(1)? [39mbeat at 1000
[34mI20190424-12:03:07.008(1)? [39mnoteSequencePointer: 6
[34mI20190424-12:03:07.012(1)? [39mobject
[34mI20190424-12:03:08.015(1)? [39mbeat at 1000
[34mI20190424-12:03:08.016(1)? [39mnoteSequencePointer: 7
[34mI20190424-12:03:08.020(1)? [39mobject
[34mI20190424-12:03:09.020(1)? [39mbeat at 1000
[34mI20190424-12:03:09.020(1)? [39mnoteSequencePointer: 8
[34mI20190424-12:03:09.024(1)? [39mobject
[34mI20190424-12:03:10.029(1)? [39mbeat at 1000
[34mI20190424-12:03:10.029(1)? [39mnoteSequencePointer: 1
[34mI20190424-12:03:10.035(1)? [39mobject
[34mI20190424-12:03:11.035(1)? [39mbeat at 1000
[34mI20190424-12:03:11.035(1)? [39mnoteSequencePointer: 2
[34mI20190424-12:03:11.038(1)? [39mobject
[34mI20190424-12:03:12.042(1)? [39mbeat at 1000
[34mI20190424-12:03:12.042(1)? [39mnoteSequencePointer: 3
[34mI20190424-12:03:12.046(1)? [39mobject
[34mI20190424-12:03:13.049(1)? [39mbeat at 1000
[34mI20190424-12:03:13.049(1)? [39mnoteSequencePointer: 4
[34mI20190424-12:03:13.053(1)? [39mobject
[34mI20190424-12:03:14.058(1)? [39mbeat at 1000
[34mI20190424-12:03:14.058(1)? [39mnoteSequencePointer: 5
[34mI20190424-12:03:14.064(1)? [39mobject
[34mI20190424-12:03:15.067(1)? [39mbeat at 1000
[34mI20190424-12:03:15.067(1)? [39mnoteSequencePointer: 6
[34mI20190424-12:03:15.071(1)? [39mobject
[34mI20190424-12:03:16.075(1)? [39mbeat at 1000
[34mI20190424-12:03:16.076(1)? [39mnoteSequencePointer: 7
[34mI20190424-12:03:16.079(1)? [39mobject
[34mI20190424-12:03:17.080(1)? [39mbeat at 1000
[34mI20190424-12:03:17.080(1)? [39mnoteSequencePointer: 8
[34mI20190424-12:03:17.084(1)? [39mobject
[34mI20190424-12:03:18.088(1)? [39mbeat at 1000
[34mI20190424-12:03:18.088(1)? [39mnoteSequencePointer: 1
[34mI20190424-12:03:18.092(1)? [39mobject
[34mI20190424-12:03:19.092(1)? [39mbeat at 1000
[34mI20190424-12:03:19.092(1)? [39mnoteSequencePointer: 2
[34mI20190424-12:03:19.096(1)? [39mobject
[34mI20190424-12:03:20.100(1)? [39mbeat at 1000
[34mI20190424-12:03:20.100(1)? [39mnoteSequencePointer: 3
[34mI20190424-12:03:20.105(1)? [39mobject
[34mI20190424-12:03:21.110(1)? [39mbeat at 1000
[34mI20190424-12:03:21.111(1)? [39mnoteSequencePointer: 4
[34mI20190424-12:03:21.115(1)? [39mobject
[34mI20190424-12:03:22.116(1)? [39mbeat at 1000
[34mI20190424-12:03:22.116(1)? [39mnoteSequencePointer: 5
[34mI20190424-12:03:22.121(1)? [39mobject
[34mI20190424-12:03:23.123(1)? [39mbeat at 1000
[34mI20190424-12:03:23.123(1)? [39mnoteSequencePointer: 6
[34mI20190424-12:03:23.127(1)? [39mobject
[34mI20190424-12:03:24.132(1)? [39mbeat at 1000
[34mI20190424-12:03:24.133(1)? [39mnoteSequencePointer: 7
[34mI20190424-12:03:24.137(1)? [39mobject
[34mI20190424-12:03:25.140(1)? [39mbeat at 1000
[34mI20190424-12:03:25.140(1)? [39mnoteSequencePointer: 8
[34mI20190424-12:03:25.145(1)? [39mobject
[34mI20190424-12:03:26.146(1)? [39mbeat at 1000
[34mI20190424-12:03:26.146(1)? [39mnoteSequencePointer: 1
[34mI20190424-12:03:26.150(1)? [39mobject
[34mI20190424-12:03:27.155(1)? [39mbeat at 1000
[34mI20190424-12:03:27.155(1)? [39mnoteSequencePointer: 2
[34mI20190424-12:03:27.159(1)? [39mobject
[34mI20190424-12:03:28.164(1)? [39mbeat at 1000
[34mI20190424-12:03:28.165(1)? [39mnoteSequencePointer: 3
[34mI20190424-12:03:28.170(1)? [39mobject
[34mI20190424-12:03:29.169(1)? [39mbeat at 1000
[34mI20190424-12:03:29.169(1)? [39mnoteSequencePointer: 4
[34mI20190424-12:03:29.174(1)? [39mobject
[34mI20190424-12:03:30.175(1)? [39mbeat at 1000
[34mI20190424-12:03:30.175(1)? [39mnoteSequencePointer: 5
[34mI20190424-12:03:30.178(1)? [39mobject
[34mI20190424-12:03:31.180(1)? [39mbeat at 1000
[34mI20190424-12:03:31.180(1)? [39mnoteSequencePointer: 6
[34mI20190424-12:03:31.184(1)? [39mobject
[34mI20190424-12:03:32.186(1)? [39mbeat at 1000
[34mI20190424-12:03:32.187(1)? [39mnoteSequencePointer: 7
[34mI20190424-12:03:32.190(1)? [39mobject
[34mI20190424-12:03:33.195(1)? [39mbeat at 1000
[34mI20190424-12:03:33.195(1)? [39mnoteSequencePointer: 8
[34mI20190424-12:03:33.198(1)? [39mobject
[34mI20190424-12:03:34.202(1)? [39mbeat at 1000
[34mI20190424-12:03:34.202(1)? [39mnoteSequencePointer: 1
[34mI20190424-12:03:34.206(1)? [39mobject
[34mI20190424-12:03:35.211(1)? [39mbeat at 1000
[34mI20190424-12:03:35.211(1)? [39mnoteSequencePointer: 2
[34mI20190424-12:03:35.214(1)? [39mobject
[34mI20190424-12:03:36.217(1)? [39mbeat at 1000
[34mI20190424-12:03:36.217(1)? [39mnoteSequencePointer: 3
[34mI20190424-12:03:36.221(1)? [39mobject
[34mI20190424-12:03:37.221(1)? [39mbeat at 1000
[34mI20190424-12:03:37.221(1)? [39mnoteSequencePointer: 4
[34mI20190424-12:03:37.225(1)? [39mobject
[34mI20190424-12:03:38.227(1)? [39mbeat at 1000
[34mI20190424-12:03:38.228(1)? [39mnoteSequencePointer: 5
[34mI20190424-12:03:38.231(1)? [39mobject
[34mI20190424-12:03:39.236(1)? [39mbeat at 1000
[34mI20190424-12:03:39.236(1)? [39mnoteSequencePointer: 6
[34mI20190424-12:03:39.241(1)? [39mobject
[34mI20190424-12:03:40.247(1)? [39mbeat at 1000
[34mI20190424-12:03:40.247(1)? [39mnoteSequencePointer: 7
[34mI20190424-12:03:40.250(1)? [39mobject
[34mI20190424-12:03:41.250(1)? [39mbeat at 1000
[34mI20190424-12:03:41.250(1)? [39mnoteSequencePointer: 8
[34mI20190424-12:03:41.253(1)? [39mobject
[34mI20190424-12:03:42.259(1)? [39mbeat at 1000
[34mI20190424-12:03:42.259(1)? [39mnoteSequencePointer: 1
[34mI20190424-12:03:42.263(1)? [39mobject
[34mI20190424-12:03:43.268(1)? [39mbeat at 1000
[34mI20190424-12:03:43.268(1)? [39mnoteSequencePointer: 2
[34mI20190424-12:03:43.271(1)? [39mobject
[34mI20190424-12:03:44.276(1)? [39mbeat at 1000
[34mI20190424-12:03:44.277(1)? [39mnoteSequencePointer: 3
[34mI20190424-12:03:44.279(1)? [39mobject
[34mI20190424-12:03:45.281(1)? [39mbeat at 1000
[34mI20190424-12:03:45.282(1)? [39mnoteSequencePointer: 4
[34mI20190424-12:03:45.284(1)? [39mobject
[34mI20190424-12:03:46.288(1)? [39mbeat at 1000
[34mI20190424-12:03:46.288(1)? [39mnoteSequencePointer: 5
[34mI20190424-12:03:46.291(1)? [39mobject
[34mI20190424-12:03:47.293(1)? [39mbeat at 1000
[34mI20190424-12:03:47.293(1)? [39mnoteSequencePointer: 6
[34mI20190424-12:03:47.296(1)? [39mobject
[34mI20190424-12:03:48.297(1)? [39mbeat at 1000
[34mI20190424-12:03:48.297(1)? [39mnoteSequencePointer: 7
[34mI20190424-12:03:48.304(1)? [39mobject
[34mI20190424-12:03:49.307(1)? [39mbeat at 1000
[34mI20190424-12:03:49.307(1)? [39mnoteSequencePointer: 8
[34mI20190424-12:03:49.310(1)? [39mobject
[34mI20190424-12:03:49.867(1)? [39mDDP Disconnect: HYhmHqmto6WJbHZSQ
[34mI20190424-12:03:50.247(1)? [39mNew DDP Connection: sgPXx8NW5jeS56N2f
[34mI20190424-12:03:50.311(1)? [39mbeat at 1000
[34mI20190424-12:03:50.311(1)? [39mnoteSequencePointer: 1
[34mI20190424-12:03:50.317(1)? [39mobject
[34mI20190424-12:03:50.757(1)? [39mDDP Disconnect: sgPXx8NW5jeS56N2f
[34mI20190424-12:03:51.010(1)? [39mNew DDP Connection: FDnfXa3K4vksJERZS
[34mI20190424-12:03:51.318(1)? [39mbeat at 1000
[34mI20190424-12:03:51.318(1)? [39mnoteSequencePointer: 2
[34mI20190424-12:03:51.322(1)? [39mobject
[34mI20190424-12:03:52.325(1)? [39mbeat at 1000
[34mI20190424-12:03:52.326(1)? [39mnoteSequencePointer: 3
[34mI20190424-12:03:52.328(1)? [39mobject
[34mI20190424-12:03:53.332(1)? [39mbeat at 1000
[34mI20190424-12:03:53.332(1)? [39mnoteSequencePointer: 4
[34mI20190424-12:03:53.335(1)? [39mobject
